<?xml version="1.0" encoding="UTF-8" ?>
<testsuite tests="3" failures="0" name="de.roeer.epost.tests.tests.sortingtest.SortedArraysCollectorTest" time="0.04" errors="0" skipped="0">
  <properties>
[...]
</properties>
  <testcase classname="de.roeer.epost.tests.tests.sortingtest.SortedArraysCollectorTest" name="testFreakCase" time="0.038"/>
  <testcase classname="de.roeer.epost.tests.tests.sortingtest.SortedArraysCollectorTest" name="testSizeOfCollectedSet" time="0.001"/>
  <testcase classname="de.roeer.epost.tests.tests.sortingtest.SortedArraysCollectorTest" name="testContent" time="0.001"/>
</testsuite>